This is pdfTeX, Version 3.14159265-2.6-1.40.21 (MiKTeX 20.6.29) (preloaded format=pdflatex 2020.7.26)  30 DEC 2020 08:45
entering extended mode
**./miniProj.tex
(miniProj.tex
LaTeX2e <2020-02-02> patch level 5
L3 programming layer <2020-07-17>
(E:\RUNNING_SOFTWARES\Miktek\tex/latex/base\article.cls
Document Class: article 2019/12/20 v1.4l Standard LaTeX document class
(E:\RUNNING_SOFTWARES\Miktek\tex/latex/base\size12.clo
File: size12.clo 2019/12/20 v1.4l Standard LaTeX file (size option)
)
\c@part=\count168
\c@section=\count169
\c@subsection=\count170
\c@subsubsection=\count171
\c@paragraph=\count172
\c@subparagraph=\count173
\c@figure=\count174
\c@table=\count175
\abovecaptionskip=\skip47
\belowcaptionskip=\skip48
\bibindent=\dimen134
)
(E:\RUNNING_SOFTWARES\Miktek\tex/latex/base\inputenc.sty
Package: inputenc 2018/08/11 v1.3c Input encoding file
\inpenc@prehook=\toks15
\inpenc@posthook=\toks16
)
(E:\RUNNING_SOFTWARES\Miktek\tex/latex/graphics\graphicx.sty
Package: graphicx 2019/11/30 v1.2a Enhanced LaTeX Graphics (DPC,SPQR)

(E:\RUNNING_SOFTWARES\Miktek\tex/latex/graphics\keyval.sty
Package: keyval 2014/10/28 v1.15 key=value parser (DPC)
\KV@toks@=\toks17
)
(E:\RUNNING_SOFTWARES\Miktek\tex/latex/graphics\graphics.sty
Package: graphics 2019/11/30 v1.4a Standard LaTeX Graphics (DPC,SPQR)

(E:\RUNNING_SOFTWARES\Miktek\tex/latex/graphics\trig.sty
Package: trig 2016/01/03 v1.10 sin cos tan (DPC)
)
(E:\RUNNING_SOFTWARES\Miktek\tex/latex/graphics-cfg\graphics.cfg
File: graphics.cfg 2016/06/04 v1.11 sample graphics configuration
)
Package graphics Info: Driver file: pdftex.def on input line 105.

(E:\RUNNING_SOFTWARES\Miktek\tex/latex/graphics-def\pdftex.def
File: pdftex.def 2018/01/08 v1.0l Graphics/color driver for pdftex
))
\Gin@req@height=\dimen135
\Gin@req@width=\dimen136
)
(E:\RUNNING_SOFTWARES\Miktek\tex/latex/wrapfig\wrapfig.sty
\wrapoverhang=\dimen137
\WF@size=\dimen138
\c@WF@wrappedlines=\count176
\WF@box=\box45
\WF@everypar=\toks18
Package: wrapfig 2003/01/31  v 3.6
)
(E:\RUNNING_SOFTWARES\Miktek\tex/latex/setspace\setspace.sty
Package: setspace 2011/12/19 v6.7a set line spacing
)
(E:\RUNNING_SOFTWARES\Miktek\tex/latex/tools\array.sty
Package: array 2019/08/31 v2.4l Tabular extension package (FMi)
\col@sep=\dimen139
\ar@mcellbox=\box46
\extrarowheight=\dimen140
\NC@list=\toks19
\extratabsurround=\skip49
\backup@length=\skip50
\ar@cellbox=\box47
)
(E:\RUNNING_SOFTWARES\Miktek\tex/latex/lipsum\lipsum.sty
(E:\RUNNING_SOFTWARES\Miktek\tex/latex/l3kernel\expl3.sty
Package: expl3 2020-07-17 L3 programming layer (loader) 

(E:\RUNNING_SOFTWARES\Miktek\tex/latex/l3backend\l3backend-pdfmode.def
File: l3backend-pdfmode.def 2020-06-29 L3 backend support: PDF mode
\l__kernel_color_stack_int=\count177
\l__pdf_internal_box=\box48
))
(E:\RUNNING_SOFTWARES\Miktek\tex/latex/l3packages/xparse\xparse.sty
Package: xparse 2020-05-15 L3 Experimental document command parser

(E:\RUNNING_SOFTWARES\Miktek\tex/latex/l3packages/xparse\xparse-generic.tex
\l__xparse_current_arg_int=\count178
\g__xparse_grabber_int=\count179
\l__xparse_m_args_int=\count180
\l__xparse_v_nesting_int=\count181
))
Package: lipsum 2019/01/02 v2.2 150 paragraphs of Lorem Ipsum dummy text

(E:\RUNNING_SOFTWARES\Miktek\tex/latex/lipsum\lipsum.ltd.tex
File: lipsum.ltd.tex 2019/01/02 v2.2 The Lorem ipsum dummy text
))
(E:\RUNNING_SOFTWARES\Miktek\tex/latex/ragged2e\ragged2e.sty
Package: ragged2e 2019/07/28 v2.2 ragged2e Package (MS)

(E:\RUNNING_SOFTWARES\Miktek\tex/latex/ms\everysel.sty
Package: everysel 2011/10/28 v1.2 EverySelectfont Package (MS)
)
\CenteringLeftskip=\skip51
\RaggedLeftLeftskip=\skip52
\RaggedRightLeftskip=\skip53
\CenteringRightskip=\skip54
\RaggedLeftRightskip=\skip55
\RaggedRightRightskip=\skip56
\CenteringParfillskip=\skip57
\RaggedLeftParfillskip=\skip58
\RaggedRightParfillskip=\skip59
\JustifyingParfillskip=\skip60
\CenteringParindent=\skip61
\RaggedLeftParindent=\skip62
\RaggedRightParindent=\skip63
\JustifyingParindent=\skip64
)
(E:\RUNNING_SOFTWARES\Miktek\tex/latex/pythonhighlight\pythonhighlight.sty
Package: pythonhighlight 2017/02/09 python code highlighting; provided by Olivi
er Verdier <olivier.verdier@gmail.com>

(E:\RUNNING_SOFTWARES\Miktek\tex/latex/listings\listings.sty
\lst@mode=\count182
\lst@gtempboxa=\box49
\lst@token=\toks20
\lst@length=\count183
\lst@currlwidth=\dimen141
\lst@column=\count184
\lst@pos=\count185
\lst@lostspace=\dimen142
\lst@width=\dimen143
\lst@newlines=\count186
\lst@lineno=\count187
\lst@maxwidth=\dimen144

(E:\RUNNING_SOFTWARES\Miktek\tex/latex/listings\lstmisc.sty
File: lstmisc.sty 2020/03/24 1.8d (Carsten Heinz)
\c@lstnumber=\count188
\lst@skipnumbers=\count189
\lst@framebox=\box50
)
(E:\RUNNING_SOFTWARES\Miktek\tex/latex/listings\listings.cfg
File: listings.cfg 2020/03/24 1.8d listings configuration
))
Package: listings 2020/03/24 1.8d (Carsten Heinz)

(E:\RUNNING_SOFTWARES\Miktek\tex/latex/xcolor\xcolor.sty
Package: xcolor 2016/05/11 v2.12 LaTeX color extensions (UK)

(E:\RUNNING_SOFTWARES\Miktek\tex/latex/graphics-cfg\color.cfg
File: color.cfg 2016/01/02 v1.6 sample color configuration
)
Package xcolor Info: Driver file: pdftex.def on input line 225.
Package xcolor Info: Model `cmy' substituted by `cmy0' on input line 1348.
Package xcolor Info: Model `hsb' substituted by `rgb' on input line 1352.
Package xcolor Info: Model `RGB' extended on input line 1364.
Package xcolor Info: Model `HTML' substituted by `rgb' on input line 1366.
Package xcolor Info: Model `Hsb' substituted by `hsb' on input line 1367.
Package xcolor Info: Model `tHsb' substituted by `hsb' on input line 1368.
Package xcolor Info: Model `HSB' substituted by `hsb' on input line 1369.
Package xcolor Info: Model `Gray' substituted by `gray' on input line 1370.
Package xcolor Info: Model `wave' substituted by `hsb' on input line 1371.
))
(E:\RUNNING_SOFTWARES\Miktek\tex/latex/geometry\geometry.sty
Package: geometry 2020/01/02 v5.9 Page Geometry

(E:\RUNNING_SOFTWARES\Miktek\tex/generic/iftex\ifvtex.sty
Package: ifvtex 2019/10/25 v1.7 ifvtex legacy package. Use iftex instead.

(E:\RUNNING_SOFTWARES\Miktek\tex/generic/iftex\iftex.sty
Package: iftex 2020/03/06 v1.0d TeX engine tests
))
\Gm@cnth=\count190
\Gm@cntv=\count191
\c@Gm@tempcnt=\count192
\Gm@bindingoffset=\dimen145
\Gm@wd@mp=\dimen146
\Gm@odd@mp=\dimen147
\Gm@even@mp=\dimen148
\Gm@layoutwidth=\dimen149
\Gm@layoutheight=\dimen150
\Gm@layouthoffset=\dimen151
\Gm@layoutvoffset=\dimen152
\Gm@dimlist=\toks21

(E:\RUNNING_SOFTWARES\Miktek\tex/latex/geometry\geometry.cfg)

Package geometry Warning: Over-specification in `h'-direction.
    `width' (426.79134pt) is ignored.

) (miniProj.aux)
\openout1 = `miniProj.aux'.

LaTeX Font Info:    Checking defaults for OML/cmm/m/it on input line 16.
LaTeX Font Info:    ... okay on input line 16.
LaTeX Font Info:    Checking defaults for OMS/cmsy/m/n on input line 16.
LaTeX Font Info:    ... okay on input line 16.
LaTeX Font Info:    Checking defaults for OT1/cmr/m/n on input line 16.
LaTeX Font Info:    ... okay on input line 16.
LaTeX Font Info:    Checking defaults for T1/cmr/m/n on input line 16.
LaTeX Font Info:    ... okay on input line 16.
LaTeX Font Info:    Checking defaults for TS1/cmr/m/n on input line 16.
LaTeX Font Info:    ... okay on input line 16.
LaTeX Font Info:    Checking defaults for OMX/cmex/m/n on input line 16.
LaTeX Font Info:    ... okay on input line 16.
LaTeX Font Info:    Checking defaults for U/cmr/m/n on input line 16.
LaTeX Font Info:    ... okay on input line 16.

(E:\RUNNING_SOFTWARES\Miktek\tex/context/base/mkii\supp-pdf.mkii
[Loading MPS to PDF converter (version 2006.09.02).]
\scratchcounter=\count193
\scratchdimen=\dimen153
\scratchbox=\box51
\nofMPsegments=\count194
\nofMParguments=\count195
\everyMPshowfont=\toks22
\MPscratchCnt=\count196
\MPscratchDim=\dimen154
\MPnumerator=\count197
\makeMPintoPDFobject=\count198
\everyMPtoPDFconversion=\toks23
) (E:\RUNNING_SOFTWARES\Miktek\tex/latex/epstopdf-pkg\epstopdf-base.sty
Package: epstopdf-base 2020-01-24 v2.11 Base part for package epstopdf
Package epstopdf-base Info: Redefining graphics rule for `.eps' on input line 4
85.
)
ABD: EverySelectfont initializing macros
LaTeX Info: Redefining \selectfont on input line 16.
\c@lstlisting=\count199

*geometry* driver: auto-detecting
*geometry* detected driver: pdftex
*geometry* verbose mode - [ preamble ] result:
* driver: pdftex
* paper: a4paper
* layout: <same size as paper>
* layoutoffset:(h,v)=(0.0pt,0.0pt)
* bindingoffset: 17.07164pt
* modes: 
* h-part:(L,W,R)=(72.26999pt, 435.89626pt, 72.26999pt)
* v-part:(T,H,B)=(72.26999pt, 700.50687pt, 72.26999pt)
* \paperwidth=597.50787pt
* \paperheight=845.04684pt
* \textwidth=435.89626pt
* \textheight=700.50687pt
* \oddsidemargin=17.07164pt
* \evensidemargin=0.0pt
* \topmargin=-37.0pt
* \headheight=12.0pt
* \headsep=25.0pt
* \topskip=12.0pt
* \footskip=30.0pt
* \marginparwidth=44.0pt
* \marginparsep=10.0pt
* \columnsep=10.0pt
* \skip\footins=10.8pt plus 4.0pt minus 2.0pt
* \hoffset=0.0pt
* \voffset=0.0pt
* \mag=1000
* \@twocolumnfalse
* \@twosidefalse
* \@mparswitchfalse
* \@reversemarginfalse
* (1in=72.27pt=25.4mm, 1cm=28.453pt)

(headers/titlepage.tex
LaTeX Font Info:    Trying to load font information for OT1+ppl on input line 1
5.
 (E:\RUNNING_SOFTWARES\Miktek\tex/latex/psnfss\ot1ppl.fd
File: ot1ppl.fd 2001/06/04 font definitions for OT1/ppl.
)
<images/logo.jpg, id=1, 250.9375pt x 159.59625pt>
File: images/logo.jpg Graphic file (type jpg)
<use images/logo.jpg>
Package pdftex.def Info: images/logo.jpg  used on input line 18.
(pdftex.def)             Requested size: 174.35583pt x 110.89592pt.
[1

{C:/Users/Admin/AppData/Local/MiKTeX/2.9/pdftex/config/pdftex.map} <./images/lo
go.jpg>]) (headers/certificate.tex) [1] (miniProj.toc
LaTeX Font Info:    External font `cmex10' loaded for size
(Font)              <12> on input line 2.
LaTeX Font Info:    External font `cmex10' loaded for size
(Font)              <8> on input line 2.
LaTeX Font Info:    External font `cmex10' loaded for size
(Font)              <6> on input line 2.
)
\tf@toc=\write3
\openout3 = `miniProj.toc'.

 [2] (miniProj.lof)
\tf@lof=\write4
\openout4 = `miniProj.lof'.


[3]
<images/devops.png, id=21, 1989.4325pt x 1023.825pt>
File: images/devops.png Graphic file (type png)
<use images/devops.png>
Package pdftex.def Info: images/devops.png  used on input line 32.
(pdftex.def)             Requested size: 392.30396pt x 201.88687pt.
 [4 <./images/devops.png>] [5]
<images/docker.png, id=31, 241.90375pt x 209.78375pt>
File: images/docker.png Graphic file (type png)
<use images/docker.png>
Package pdftex.def Info: images/docker.png  used on input line 66.
(pdftex.def)             Requested size: 105.2751pt x 91.2968pt.

Overfull \hbox (0.66869pt too wide) in paragraph at lines 65--70
[]
 []

[6 <./images/docker.png>]
<images/vm.jpg, id=37, 312.41719pt x 146.79843pt>
File: images/vm.jpg Graphic file (type jpg)
<use images/vm.jpg>
Package pdftex.def Info: images/vm.jpg  used on input line 75.
(pdftex.def)             Requested size: 305.12604pt x 143.3754pt.

Underfull \hbox (badness 10000) in paragraph at lines 80--81

 []

<images/k8s.png, id=38, 103.88812pt x 95.6072pt>
File: images/k8s.png Graphic file (type png)
<use images/k8s.png>
Package pdftex.def Info: images/k8s.png  used on input line 84.
(pdftex.def)             Requested size: 108.12054pt x 99.50644pt.

Overfull \hbox (26.8294pt too wide) in paragraph at lines 83--88
[][]
 []

<images/kube.jpg, id=39, 443.40656pt x 204.765pt>
File: images/kube.jpg Graphic file (type jpg)
<use images/kube.jpg>
Package pdftex.def Info: images/kube.jpg  used on input line 93.
(pdftex.def)             Requested size: 435.89626pt x 201.30882pt.
[7 <./images/vm.jpg> <./images/k8s.png>]
<images/jfrog.jpg, id=44, 95.6072pt x 92.59593pt>
File: images/jfrog.jpg Graphic file (type jpg)
<use images/jfrog.jpg>
Package pdftex.def Info: images/jfrog.jpg  used on input line 114.
(pdftex.def)             Requested size: 102.43008pt x 99.20946pt.

Overfull \hbox (4.06712pt too wide) in paragraph at lines 113--119
[][]
 []

[8 <./images/kube.jpg>]
(E:\RUNNING_SOFTWARES\Miktek\tex/latex/listings\lstlang1.sty
File: lstlang1.sty 2020/03/24 1.8d listings language file
)
LaTeX Font Info:    Font shape `OT1/cmtt/bx/n' in size <10> not available
(Font)              Font shape `OT1/cmtt/m/n' tried instead on input line 125.
<images/jenkins.jpg, id=48, 107.65219pt x 89.58469pt>
File: images/jenkins.jpg Graphic file (type jpg)
<use images/jenkins.jpg>
Package pdftex.def Info: images/jenkins.jpg  used on input line 148.
(pdftex.def)             Requested size: 108.12054pt x 89.97676pt.

Overfull \hbox (4.06712pt too wide) in paragraph at lines 147--153
[][]
 []

[9 <./images/jfrog.jpg>] [10 <./images/jenkins.jpg>]
<images/flow1.jpg, id=56, 415.5525pt x 240.9pt>
File: images/flow1.jpg Graphic file (type jpg)
<use images/flow1.jpg>
Package pdftex.def Info: images/flow1.jpg  used on input line 171.
(pdftex.def)             Requested size: 435.89626pt x 252.70248pt.
 [11 <./images/flow1.jpg>]
<images/jj.jpg, id=60, 230.36063pt x 162.6075pt>
File: images/jj.jpg Graphic file (type jpg)
<use images/jj.jpg>
Package pdftex.def Info: images/jj.jpg  used on input line 198.
(pdftex.def)             Requested size: 348.71832pt x 246.171pt.

[12] [13 <./images/jj.jpg>] [14]
Overfull \hbox (33.15656pt too wide) in paragraph at lines 257--259
\OT1/cmtt/m/n/12 https://www.jfrog.com/confluence/display/JFROG/Artifactory+Que
ry+Language 
 []

[15] (miniProj.aux) ) 
Here is how much of TeX's memory you used:
 5112 strings out of 481225
 78049 string characters out of 2914084
 671219 words of memory out of 3000000
 20610 multiletter control sequences out of 15000+200000
 546046 words of font info for 59 fonts, out of 3000000 for 9000
 1141 hyphenation exceptions out of 8191
 36i,12n,50p,1233b,1610s stack positions out of 5000i,500n,10000p,200000b,50000s
 <C:\Users\Admin\AppData\Local\MiKTeX\2.9\fonts/pk/ljfour/
jknappen/ec/dpi600\tcrm1200.pk>{E:/RUNNING_SOFTWARES/Miktek/fonts/enc/dvips/bas
e/8r.enc}<E:/RUNNING_SOFTWARES/Miktek/fonts/type1/public/amsfonts/cm/cmbx12.pfb
><E:/RUNNING_SOFTWARES/Miktek/fonts/type1/public/amsfonts/cm/cmbxti10.pfb><E:/R
UNNING_SOFTWARES/Miktek/fonts/type1/public/amsfonts/cm/cmr12.pfb><E:/RUNNING_SO
FTWARES/Miktek/fonts/type1/public/amsfonts/cm/cmr6.pfb><E:/RUNNING_SOFTWARES/Mi
ktek/fonts/type1/public/amsfonts/cm/cmti12.pfb><E:/RUNNING_SOFTWARES/Miktek/fon
ts/type1/public/amsfonts/cm/cmtt10.pfb><E:/RUNNING_SOFTWARES/Miktek/fonts/type1
/public/amsfonts/cm/cmtt12.pfb><E:/RUNNING_SOFTWARES/Miktek/fonts/type1/urw/pal
atino/uplr8a.pfb><E:/RUNNING_SOFTWARES/Miktek/fonts/type1/urw/palatino/uplri8a.
pfb>
Output written on miniProj.pdf (16 pages, 423767 bytes).
PDF statistics:
 110 PDF objects out of 1000 (max. 8388607)
 0 named destinations out of 1000 (max. 500000)
 51 words of extra memory for PDF output out of 10000 (max. 10000000)

